2025-10-23 15:03:51,716 [INFO] ======================================================================
2025-10-23 15:03:51,716 [INFO] 🚀 CoinDCX Intraday Trading Bot
2025-10-23 15:03:51,717 [INFO] Mode: 💰 PAPER TRADING
2025-10-23 15:03:51,717 [INFO] Starting Capital: ₹350.0
2025-10-23 15:03:51,717 [INFO] Target Coins: MATIC, TRX, ADA, ALGO, XRP
2025-10-23 15:03:51,717 [INFO] Margin/Trade: ₹300.0 | Leverage: 3x | Max Position: ₹900.0
2025-10-23 15:03:51,717 [INFO] Max Concurrent Positions: 1
2025-10-23 15:03:51,717 [INFO] ======================================================================
2025-10-23 15:03:52,013 [INFO] ✓ Retrieved 1073 markets from CoinDCX
2025-10-23 15:03:52,019 [WARNING] ⚠️ I-MATIC_INR not found or inactive
2025-10-23 15:03:52,019 [INFO] ✓ Found I-TRX_INR
2025-10-23 15:03:52,019 [INFO] ✓ Found I-ADA_INR
2025-10-23 15:03:52,020 [INFO] ✓ Found I-ALGO_INR
2025-10-23 15:03:52,020 [INFO] ✓ Found I-XRP_INR
2025-10-23 15:03:52,020 [INFO] 
✅ Selected 4 symbols: I-TRX_INR, I-ADA_INR, I-ALGO_INR, I-XRP_INR
2025-10-23 15:03:52,023 [INFO] 
📊 Initializing with ticker data...
2025-10-23 15:03:52,226 [INFO] ✓ I-TRX_INR    @ ₹ 30.0610 | Qty:    29.9391 units | Notional: ₹900.00
2025-10-23 15:03:52,363 [INFO] ✓ I-ADA_INR    @ ₹ 59.9160 | Qty:    15.0210 units | Notional: ₹900.00
2025-10-23 15:03:52,474 [INFO] ✓ I-ALGO_INR   @ ₹ 17.2370 | Qty:    52.2133 units | Notional: ₹900.00
2025-10-23 15:03:52,634 [INFO] ✓ I-XRP_INR    @ ₹225.5932 | Qty:     3.9895 units | Notional: ₹900.00
2025-10-23 15:03:52,634 [INFO] 
✓ Ticker polling thread started
2025-10-23 15:03:52,634 [INFO] ✓ Press Ctrl+C to stop and generate report

2025-10-23 15:04:53,312 [INFO] 🕯️ I-TRX_INR    ₹ 29.8600 (-0.62%) | H: ₹ 30.3400 | L: ₹ 29.5460
2025-10-23 15:04:53,496 [INFO] 🕯️ I-ADA_INR    ₹ 59.9410 (+1.55%) | H: ₹ 60.2370 | L: ₹ 57.1360
2025-10-23 15:04:53,715 [INFO] 🕯️ I-ALGO_INR   ₹ 17.2370 (+2.74%) | H: ₹ 20.0000 | L: ₹ 16.6600
2025-10-23 15:04:53,929 [INFO] 🕯️ I-XRP_INR    ₹225.5976 (+0.21%) | H: ₹226.4628 | L: ₹219.1488
2025-10-23 15:04:53,929 [INFO] 💰 Equity: ₹350.00 | Cash: ₹350.00 | No open positions

2025-10-23 15:05:08,384 [INFO] 
⚠️  Interrupt signal received...
2025-10-23 15:05:09,384 [INFO] 
======================================================================
2025-10-23 15:05:09,384 [INFO] 📊 FINAL TRADING REPORT
2025-10-23 15:05:09,384 [INFO] ======================================================================
2025-10-23 15:05:09,384 [INFO] ⏱️  Runtime: 0h 1m
2025-10-23 15:05:09,385 [INFO] 
💰 Account Summary:
2025-10-23 15:05:09,385 [INFO]    Starting Capital: ₹350.00
2025-10-23 15:05:09,385 [INFO]    Final Equity:     ₹350.00
2025-10-23 15:05:09,385 [INFO]    Final Cash:       ₹350.00
2025-10-23 15:05:09,385 [INFO]    Total P&L:        ₹+0.00 (+0.00%)
2025-10-23 15:05:09,385 [INFO] 
📈 Trading Statistics:
2025-10-23 15:05:09,385 [INFO]    Total Trades:     0
2025-10-23 15:05:09,385 [INFO] ======================================================================
2025-10-23 15:05:09,385 [INFO] ✅ Report saved to trading_bot.log
2025-10-23 15:05:09,385 [INFO] ======================================================================

2025-10-23 15:05:16,781 [INFO] ======================================================================
2025-10-23 15:05:16,781 [INFO] 🚀 CoinDCX Intraday Trading Bot
2025-10-23 15:05:16,781 [INFO] Mode: 💰 PAPER TRADING
2025-10-23 15:05:16,781 [INFO] Starting Capital: ₹350.0
2025-10-23 15:05:16,781 [INFO] Target Coins: MATIC, TRX, ADA, ALGO, XRP
2025-10-23 15:05:16,781 [INFO] Margin/Trade: ₹300.0 | Leverage: 3x | Max Position: ₹900.0
2025-10-23 15:05:16,781 [INFO] Max Concurrent Positions: 1
2025-10-23 15:05:16,781 [INFO] ======================================================================
2025-10-23 15:05:17,098 [INFO] ✓ Retrieved 1073 markets from CoinDCX
2025-10-23 15:05:17,102 [WARNING] ⚠️ I-MATIC_INR not found or inactive
2025-10-23 15:05:17,102 [INFO] ✓ Found I-TRX_INR
2025-10-23 15:05:17,102 [INFO] ✓ Found I-ADA_INR
2025-10-23 15:05:17,102 [INFO] ✓ Found I-ALGO_INR
2025-10-23 15:05:17,103 [INFO] ✓ Found I-XRP_INR
2025-10-23 15:05:17,103 [INFO] 
✅ Selected 4 symbols: I-TRX_INR, I-ADA_INR, I-ALGO_INR, I-XRP_INR
2025-10-23 15:05:17,105 [INFO] 
📊 Initializing with ticker data...
2025-10-23 15:05:17,283 [INFO] ✓ I-TRX_INR    @ ₹ 29.8600 | Qty:    30.1407 units | Notional: ₹900.00
2025-10-23 15:05:17,410 [INFO] ✓ I-ADA_INR    @ ₹ 59.9410 | Qty:    15.0148 units | Notional: ₹900.00
2025-10-23 15:05:17,580 [INFO] ✓ I-ALGO_INR   @ ₹ 17.2370 | Qty:    52.2133 units | Notional: ₹900.00
2025-10-23 15:05:17,693 [INFO] ✓ I-XRP_INR    @ ₹225.4800 | Qty:     3.9915 units | Notional: ₹900.00
2025-10-23 15:05:17,693 [INFO] 
✓ Ticker polling thread started
2025-10-23 15:05:17,693 [INFO] ✓ Press Ctrl+C to stop and generate report

2025-10-23 15:06:17,873 [INFO] 🕯️ I-TRX_INR    ₹ 29.8600 (-0.62%) | H: ₹ 30.3400 | L: ₹ 29.5460
2025-10-23 15:06:18,034 [INFO] 🕯️ I-ADA_INR    ₹ 59.5010 (+1.06%) | H: ₹ 60.2370 | L: ₹ 57.1360
2025-10-23 15:06:18,207 [INFO] 🕯️ I-ALGO_INR   ₹ 17.1120 (+2.74%) | H: ₹ 20.0000 | L: ₹ 16.6600
2025-10-23 15:06:18,409 [INFO] 🕯️ I-XRP_INR    ₹225.4300 (+0.86%) | H: ₹226.4628 | L: ₹219.1488
2025-10-23 15:06:18,410 [INFO] 💰 Equity: ₹350.00 | Cash: ₹350.00 | No open positions

2025-10-23 15:06:42,881 [INFO] 
⚠️  Interrupt signal received...
2025-10-23 15:06:43,881 [INFO] 
======================================================================
2025-10-23 15:06:43,881 [INFO] 📊 FINAL TRADING REPORT
2025-10-23 15:06:43,881 [INFO] ======================================================================
2025-10-23 15:06:43,882 [INFO] ⏱️  Runtime: 0h 1m
2025-10-23 15:06:43,882 [INFO] 
💰 Account Summary:
2025-10-23 15:06:43,882 [INFO]    Starting Capital: ₹350.00
2025-10-23 15:06:43,882 [INFO]    Final Equity:     ₹350.00
2025-10-23 15:06:43,882 [INFO]    Final Cash:       ₹350.00
2025-10-23 15:06:43,882 [INFO]    Total P&L:        ₹+0.00 (+0.00%)
2025-10-23 15:06:43,882 [INFO] 
📈 Trading Statistics:
2025-10-23 15:06:43,882 [INFO]    Total Trades:     0
2025-10-23 15:06:43,882 [INFO] ======================================================================
2025-10-23 15:06:43,882 [INFO] ✅ Report saved to trading_bot.log
2025-10-23 15:06:43,882 [INFO] ======================================================================

2025-10-23 15:19:26,402 [INFO] ======================================================================
2025-10-23 15:19:26,402 [INFO] 🚀 CoinDCX Trading Bot
2025-10-23 15:19:26,403 [INFO] Capital: ₹350.0 | Margin: ₹300.0
2025-10-23 15:19:26,403 [INFO] Telegram: ❌ Disabled
2025-10-23 15:19:26,403 [INFO] ======================================================================
2025-10-23 15:19:26,665 [INFO] ✓ Retrieved 1073 markets
2025-10-23 15:19:26,667 [INFO] ✅ Selected: I-TRX_INR, I-ADA_INR, I-ALGO_INR, I-XRP_INR
2025-10-23 15:19:26,667 [INFO] 
📊 Initializing...
2025-10-23 15:19:26,821 [INFO] ✓ I-TRX_INR    @ ₹ 30.1680 | Qty:    29.8329
2025-10-23 15:19:26,978 [INFO] ✓ I-ADA_INR    @ ₹ 59.9260 | Qty:    15.0185
2025-10-23 15:19:27,171 [INFO] ✓ I-ALGO_INR   @ ₹ 17.0870 | Qty:    52.6716
2025-10-23 15:23:10,922 [INFO] ======================================================================
2025-10-23 15:23:10,922 [INFO] 🚀 CoinDCX Trading Bot
2025-10-23 15:23:10,922 [INFO] Capital: ₹350.0 | Margin: ₹300.0
2025-10-23 15:23:10,923 [INFO] Telegram: ✅ Enabled
2025-10-23 15:23:10,923 [INFO] ======================================================================
2025-10-23 15:23:12,076 [INFO] ✓ Retrieved 1073 markets
2025-10-23 15:23:12,078 [INFO] ✅ Selected: I-TRX_INR, I-ADA_INR, I-ALGO_INR, I-XRP_INR
2025-10-23 15:23:12,079 [INFO] 
📊 Initializing...
2025-10-23 15:23:14,415 [INFO] ✓ I-TRX_INR    @ ₹ 29.8600 | Qty:    30.1407
2025-10-23 15:23:14,661 [INFO] ✓ I-ADA_INR    @ ₹ 59.9280 | Qty:    15.0180
2025-10-23 15:23:14,768 [INFO] ✓ I-ALGO_INR   @ ₹ 17.0870 | Qty:    52.6716
2025-10-23 15:23:14,875 [INFO] ✓ I-XRP_INR    @ ₹225.6901 | Qty:     3.9878
2025-10-23 15:23:14,875 [INFO] 
✓ Bot running | Press Ctrl+C to stop

2025-10-23 15:24:15,020 [INFO] 🕯️ I-TRX_INR    ₹ 30.0870
2025-10-23 15:24:15,199 [INFO] 🕯️ I-ADA_INR    ₹ 59.6010
2025-10-23 15:24:15,442 [INFO] 🕯️ I-ALGO_INR   ₹ 17.0870
2025-10-23 15:24:15,614 [INFO] 🕯️ I-XRP_INR    ₹225.6901
2025-10-23 15:25:16,927 [INFO] 🕯️ I-TRX_INR    ₹ 30.0870
2025-10-23 15:25:17,082 [INFO] 🕯️ I-ADA_INR    ₹ 59.9560
2025-10-23 15:25:17,208 [INFO] 🕯️ I-ALGO_INR   ₹ 17.0870
2025-10-23 15:25:17,370 [INFO] 🕯️ I-XRP_INR    ₹225.7298
2025-10-23 15:26:18,549 [INFO] 🕯️ I-TRX_INR    ₹ 30.0870
2025-10-23 15:26:18,701 [INFO] 🕯️ I-ADA_INR    ₹ 59.9550
2025-10-23 15:26:18,861 [INFO] 🕯️ I-ALGO_INR   ₹ 17.0870
2025-10-23 15:26:19,015 [INFO] 🕯️ I-XRP_INR    ₹225.7298
2025-10-23 19:59:09,848 [INFO] ======================================================================
2025-10-23 19:59:09,849 [INFO] 🚀 CoinDCX Trading Bot
2025-10-23 19:59:09,849 [INFO] Capital: ₹350.0 | Margin: ₹300.0
2025-10-23 19:59:09,849 [INFO] Telegram: ✅ Enabled
2025-10-23 19:59:09,849 [INFO] ======================================================================
2025-10-23 19:59:11,621 [INFO] ✓ Retrieved 1073 markets
2025-10-23 19:59:11,626 [INFO] ✅ Selected: I-TRX_INR, I-ADA_INR, I-ALGO_INR, I-XRP_INR
2025-10-23 19:59:11,629 [INFO] 
📊 Initializing...
2025-10-23 19:59:11,880 [INFO] ✓ I-TRX_INR    @ ₹ 29.8800 | Qty:    30.1205
2025-10-23 19:59:12,066 [INFO] ✓ I-ADA_INR    @ ₹ 58.8150 | Qty:    15.3022
2025-10-23 19:59:12,295 [INFO] ✓ I-ALGO_INR   @ ₹ 17.0040 | Qty:    52.9287
2025-10-23 19:59:12,523 [INFO] ✓ I-XRP_INR    @ ₹223.4201 | Qty:     4.0283
2025-10-23 19:59:12,525 [INFO] 
✓ Bot running | Press Ctrl+C to stop

2025-10-23 19:59:12,527 [INFO] ✓ Health server starting on port 8080
2025-10-23 20:00:12,840 [INFO] 🕯️ I-TRX_INR    ₹ 29.8800
2025-10-23 20:00:13,067 [INFO] 🕯️ I-ADA_INR    ₹ 59.3270
2025-10-23 20:00:13,284 [INFO] 🕯️ I-ALGO_INR   ₹ 17.0040
2025-10-23 20:00:13,507 [INFO] 🕯️ I-XRP_INR    ₹223.4098
2025-10-23 20:01:13,822 [INFO] 🕯️ I-TRX_INR    ₹ 29.8800
2025-10-23 20:01:14,033 [INFO] 🕯️ I-ADA_INR    ₹ 59.3270
2025-10-23 20:01:14,280 [INFO] 🕯️ I-ALGO_INR   ₹ 17.0040
2025-10-23 20:01:14,469 [INFO] 🕯️ I-XRP_INR    ₹223.5700
2025-10-23 20:02:15,043 [INFO] 🕯️ I-TRX_INR    ₹ 29.8970
2025-10-23 20:02:15,249 [INFO] 🕯️ I-ADA_INR    ₹ 59.3270
2025-10-23 20:02:15,485 [INFO] 🕯️ I-ALGO_INR   ₹ 17.0040
2025-10-23 20:02:15,710 [INFO] 🕯️ I-XRP_INR    ₹223.5700
2025-10-23 20:03:16,035 [INFO] 🕯️ I-TRX_INR    ₹ 29.8970
2025-10-23 20:03:16,241 [INFO] 🕯️ I-ADA_INR    ₹ 59.3270
2025-10-23 20:03:16,451 [INFO] 🕯️ I-ALGO_INR   ₹ 17.0960
2025-10-23 20:03:16,666 [INFO] 🕯️ I-XRP_INR    ₹222.0010
2025-10-23 20:04:16,992 [INFO] 🕯️ I-TRX_INR    ₹ 29.8970
2025-10-23 20:04:17,244 [INFO] 🕯️ I-ADA_INR    ₹ 58.8320
2025-10-23 20:04:17,434 [INFO] 🕯️ I-ALGO_INR   ₹ 17.0960
2025-10-23 20:04:17,631 [INFO] 🕯️ I-XRP_INR    ₹222.0010
2025-10-23 20:05:17,959 [INFO] 🕯️ I-TRX_INR    ₹ 29.8970
2025-10-23 20:05:18,190 [INFO] 🕯️ I-ADA_INR    ₹ 59.6100
2025-10-23 20:05:18,416 [INFO] 🕯️ I-ALGO_INR   ₹ 17.0960
2025-10-23 20:05:18,653 [INFO] 🕯️ I-XRP_INR    ₹223.6700
2025-10-23 20:06:19,007 [INFO] 🕯️ I-TRX_INR    ₹ 29.8970
2025-10-23 20:06:19,218 [INFO] 🕯️ I-ADA_INR    ₹ 59.0590
2025-10-23 20:06:19,450 [INFO] 🕯️ I-ALGO_INR   ₹ 17.0960
2025-10-23 20:06:19,681 [INFO] 🕯️ I-XRP_INR    ₹223.6700
2025-10-23 20:07:19,996 [INFO] 🕯️ I-TRX_INR    ₹ 29.8900
2025-10-23 20:07:20,212 [INFO] 🕯️ I-ADA_INR    ₹ 59.7060
2025-10-23 20:07:20,438 [INFO] 🕯️ I-ALGO_INR   ₹ 17.0960
2025-10-23 20:07:20,629 [INFO] 🕯️ I-XRP_INR    ₹224.0000
2025-10-23 20:08:20,905 [INFO] 🕯️ I-TRX_INR    ₹ 29.8800
2025-10-23 20:08:21,115 [INFO] 🕯️ I-ADA_INR    ₹ 59.7060
2025-10-23 20:08:21,319 [INFO] 🕯️ I-ALGO_INR   ₹ 17.0960
2025-10-23 20:08:21,542 [INFO] 🕯️ I-XRP_INR    ₹224.0000
2025-10-23 20:09:21,931 [INFO] 🕯️ I-TRX_INR    ₹ 29.9000
2025-10-23 20:09:22,189 [INFO] 🕯️ I-ADA_INR    ₹ 59.7060
2025-10-23 20:09:22,402 [INFO] 🕯️ I-ALGO_INR   ₹ 17.0960
2025-10-23 20:09:22,643 [INFO] 🕯️ I-XRP_INR    ₹224.0000
2025-10-23 20:10:23,666 [INFO] 🕯️ I-TRX_INR    ₹ 29.9200
2025-10-23 20:10:23,871 [INFO] 🕯️ I-ADA_INR    ₹ 59.7060
2025-10-23 20:10:24,081 [INFO] 🕯️ I-ALGO_INR   ₹ 17.0960
2025-10-23 20:10:24,266 [INFO] 🕯️ I-XRP_INR    ₹224.0000
2025-10-23 20:11:24,837 [INFO] 🕯️ I-TRX_INR    ₹ 29.9000
2025-10-23 20:11:25,178 [INFO] 🕯️ I-ADA_INR    ₹ 59.7060
2025-10-23 20:11:25,421 [INFO] 🕯️ I-ALGO_INR   ₹ 17.0960
2025-10-23 20:11:25,766 [INFO] 🕯️ I-XRP_INR    ₹224.0000
2025-10-23 20:12:26,141 [INFO] 🕯️ I-TRX_INR    ₹ 29.6050
2025-10-23 20:12:26,410 [INFO] 🕯️ I-ADA_INR    ₹ 59.7060
2025-10-23 20:12:26,670 [INFO] 🕯️ I-ALGO_INR   ₹ 17.0960
2025-10-23 20:12:26,934 [INFO] 🕯️ I-XRP_INR    ₹223.9114
2025-10-23 20:13:27,214 [INFO] 🕯️ I-TRX_INR    ₹ 29.6050
2025-10-23 20:13:27,431 [INFO] 🕯️ I-ADA_INR    ₹ 59.7620
2025-10-23 20:13:27,621 [INFO] 🕯️ I-ALGO_INR   ₹ 17.0960
2025-10-23 20:13:27,841 [INFO] 🕯️ I-XRP_INR    ₹223.8558
2025-10-23 20:14:28,187 [INFO] 🕯️ I-TRX_INR    ₹ 29.6050
2025-10-23 20:14:28,397 [INFO] 🕯️ I-ADA_INR    ₹ 59.1940
2025-10-23 20:14:28,622 [INFO] 🕯️ I-ALGO_INR   ₹ 17.1260
2025-10-23 20:14:28,817 [INFO] 🕯️ I-XRP_INR    ₹223.7790
2025-10-23 20:15:29,170 [INFO] 🕯️ I-TRX_INR    ₹ 29.8700
2025-10-23 20:15:29,417 [INFO] 🕯️ I-ADA_INR    ₹ 59.1940
2025-10-23 20:15:29,649 [INFO] 🕯️ I-ALGO_INR   ₹ 17.1200
2025-10-23 20:15:29,880 [INFO] 🕯️ I-XRP_INR    ₹223.7790
2025-10-23 20:16:30,791 [INFO] 🕯️ I-TRX_INR    ₹ 29.8700
2025-10-23 20:16:31,087 [INFO] 🕯️ I-ADA_INR    ₹ 59.1940
2025-10-23 20:16:31,428 [INFO] 🕯️ I-ALGO_INR   ₹ 17.1200
2025-10-23 20:16:31,611 [INFO] 🕯️ I-XRP_INR    ₹222.2012
2025-10-23 20:17:31,973 [INFO] 🕯️ I-TRX_INR    ₹ 29.9000
2025-10-23 20:17:32,237 [INFO] 🕯️ I-ADA_INR    ₹ 59.7120
2025-10-23 20:17:32,476 [INFO] 🕯️ I-ALGO_INR   ₹ 17.1200
2025-10-23 20:17:32,991 [INFO] 🕯️ I-XRP_INR    ₹223.9300
2025-10-23 20:18:33,326 [INFO] 🕯️ I-TRX_INR    ₹ 29.6100
2025-10-23 20:18:33,546 [INFO] 🕯️ I-ADA_INR    ₹ 59.7120
2025-10-23 20:18:33,764 [INFO] 🕯️ I-ALGO_INR   ₹ 17.1200
2025-10-23 20:18:33,956 [INFO] 🕯️ I-XRP_INR    ₹222.4810
2025-10-23 20:19:34,340 [INFO] 🕯️ I-TRX_INR    ₹ 29.6100
2025-10-23 20:19:34,624 [INFO] 🕯️ I-ADA_INR    ₹ 59.2010
2025-10-23 20:19:35,144 [INFO] 🕯️ I-ALGO_INR   ₹ 17.1200
2025-10-23 20:19:35,337 [INFO] 🕯️ I-XRP_INR    ₹222.3440
2025-10-23 20:20:35,665 [INFO] 🕯️ I-TRX_INR    ₹ 29.6100
2025-10-23 20:20:35,918 [INFO] 🕯️ I-ADA_INR    ₹ 59.7120
2025-10-23 20:20:36,130 [INFO] 🕯️ I-ALGO_INR   ₹ 17.1200
2025-10-23 20:20:36,303 [INFO] 🕯️ I-XRP_INR    ₹224.0000
2025-10-23 20:21:36,593 [INFO] 🕯️ I-TRX_INR    ₹ 29.8900
2025-10-23 20:21:36,798 [INFO] 🕯️ I-ADA_INR    ₹ 59.7110
2025-10-23 20:21:37,025 [INFO] 🕯️ I-ALGO_INR   ₹ 17.1200
2025-10-23 20:21:37,264 [INFO] 🕯️ I-XRP_INR    ₹224.0000
2025-10-23 20:22:37,624 [INFO] 🕯️ I-TRX_INR    ₹ 29.8900
2025-10-23 20:22:37,907 [INFO] 🕯️ I-ADA_INR    ₹ 59.7110
2025-10-23 20:22:40,549 [INFO] 🕯️ I-ALGO_INR   ₹ 17.1200
2025-10-23 20:22:40,784 [INFO] 🕯️ I-XRP_INR    ₹224.0000
2025-10-23 20:23:41,099 [INFO] 🕯️ I-TRX_INR    ₹ 29.6000
2025-10-23 20:23:41,336 [INFO] 🕯️ I-ADA_INR    ₹ 59.7110
2025-10-23 20:23:41,534 [INFO] 🕯️ I-ALGO_INR   ₹ 17.1200
2025-10-23 20:23:41,754 [INFO] 🕯️ I-XRP_INR    ₹223.0000
2025-10-23 20:24:43,327 [INFO] 🕯️ I-TRX_INR    ₹ 29.8700
2025-10-23 20:24:43,580 [INFO] 🕯️ I-ADA_INR    ₹ 59.6640
2025-10-23 20:24:43,858 [INFO] 🕯️ I-ALGO_INR   ₹ 17.1200
2025-10-23 20:24:44,135 [INFO] 🕯️ I-XRP_INR    ₹224.0000
2025-10-23 20:25:44,457 [INFO] 🕯️ I-TRX_INR    ₹ 29.8700
2025-10-23 20:25:44,658 [INFO] 🕯️ I-ADA_INR    ₹ 59.6640
2025-10-23 20:25:44,853 [INFO] 🕯️ I-ALGO_INR   ₹ 17.1200
2025-10-23 20:25:45,116 [INFO] 🕯️ I-XRP_INR    ₹224.0000
2025-10-23 20:26:45,423 [INFO] 🕯️ I-TRX_INR    ₹ 29.9000
2025-10-23 20:26:45,643 [INFO] 🕯️ I-ADA_INR    ₹ 59.7040
2025-10-23 20:26:45,817 [INFO] 🕯️ I-ALGO_INR   ₹ 17.1200
2025-10-23 20:26:46,010 [INFO] 🕯️ I-XRP_INR    ₹224.0000
2025-10-23 20:27:46,384 [INFO] 🕯️ I-TRX_INR    ₹ 29.9000
2025-10-23 20:27:46,594 [INFO] 🕯️ I-ADA_INR    ₹ 59.6510
2025-10-23 20:27:46,801 [INFO] 🕯️ I-ALGO_INR   ₹ 17.1200
2025-10-23 20:27:46,984 [INFO] 🕯️ I-XRP_INR    ₹224.0000
2025-10-23 20:28:47,294 [INFO] 🕯️ I-TRX_INR    ₹ 29.9100
2025-10-23 20:28:47,533 [INFO] 🕯️ I-ADA_INR    ₹ 59.7120
2025-10-23 20:28:47,764 [INFO] 🕯️ I-ALGO_INR   ₹ 17.1470
2025-10-23 20:28:47,980 [INFO] 🕯️ I-XRP_INR    ₹224.0000
2025-10-23 20:29:48,262 [INFO] 🕯️ I-TRX_INR    ₹ 29.9100
2025-10-23 20:29:48,429 [INFO] 🕯️ I-ADA_INR    ₹ 59.7120
2025-10-23 20:29:48,658 [INFO] 🕯️ I-ALGO_INR   ₹ 17.1470
2025-10-23 20:29:48,860 [INFO] 🕯️ I-XRP_INR    ₹224.0000
2025-10-23 20:30:50,845 [INFO] 🕯️ I-TRX_INR    ₹ 29.9100
2025-10-23 20:30:51,130 [INFO] 🕯️ I-ADA_INR    ₹ 59.7110
2025-10-23 20:30:51,785 [INFO] 🕯️ I-ALGO_INR   ₹ 17.1470
2025-10-23 20:30:51,963 [INFO] 🕯️ I-XRP_INR    ₹224.0000
2025-10-23 20:31:52,284 [INFO] 🕯️ I-TRX_INR    ₹ 29.6100
2025-10-23 20:31:52,513 [INFO] 🕯️ I-ADA_INR    ₹ 59.7110
2025-10-23 20:31:52,721 [INFO] 🕯️ I-ALGO_INR   ₹ 17.1470
2025-10-23 20:31:52,957 [INFO] 🕯️ I-XRP_INR    ₹224.0000
2025-10-23 20:32:53,344 [INFO] 🕯️ I-TRX_INR    ₹ 29.8940
2025-10-23 20:32:53,551 [INFO] 🕯️ I-ADA_INR    ₹ 59.7110
2025-10-23 20:32:53,746 [INFO] 🕯️ I-ALGO_INR   ₹ 17.1470
2025-10-23 20:32:53,971 [INFO] 🕯️ I-XRP_INR    ₹223.7700
2025-10-23 20:33:54,332 [INFO] 🕯️ I-TRX_INR    ₹ 29.8940
2025-10-23 20:33:54,612 [INFO] 🕯️ I-ADA_INR    ₹ 59.2010
2025-10-23 20:33:54,875 [INFO] 🕯️ I-ALGO_INR   ₹ 17.1470
2025-10-23 20:33:55,405 [INFO] 🕯️ I-XRP_INR    ₹224.0000
2025-10-23 20:34:55,760 [INFO] 🕯️ I-TRX_INR    ₹ 29.8660
2025-10-23 20:34:56,019 [INFO] 🕯️ I-ADA_INR    ₹ 59.2010
2025-10-23 20:34:56,258 [INFO] 🕯️ I-ALGO_INR   ₹ 17.1470
2025-10-23 20:34:56,560 [INFO] 🕯️ I-XRP_INR    ₹224.5100
2025-10-23 20:35:56,917 [INFO] 🕯️ I-TRX_INR    ₹ 29.8600
2025-10-23 20:35:57,182 [INFO] 🕯️ I-ADA_INR    ₹ 59.2010
2025-10-23 20:35:57,572 [INFO] 🕯️ I-ALGO_INR   ₹ 17.1470
2025-10-23 20:35:57,778 [INFO] 🕯️ I-XRP_INR    ₹224.1800
2025-10-23 20:36:58,154 [INFO] 🕯️ I-TRX_INR    ₹ 29.8600
2025-10-23 20:36:58,394 [INFO] 🕯️ I-ADA_INR    ₹ 59.2010
2025-10-23 20:36:58,638 [INFO] 🕯️ I-ALGO_INR   ₹ 17.1470
2025-10-23 20:36:58,901 [INFO] 🕯️ I-XRP_INR    ₹223.7700
2025-10-23 20:37:59,227 [INFO] 🕯️ I-TRX_INR    ₹ 29.8600
2025-10-23 20:37:59,541 [INFO] 🕯️ I-ADA_INR    ₹ 59.7110
2025-10-23 20:38:00,109 [INFO] 🕯️ I-ALGO_INR   ₹ 17.1470
2025-10-23 20:38:00,569 [INFO] 🕯️ I-XRP_INR    ₹224.3300
2025-10-23 20:39:00,874 [INFO] 🕯️ I-TRX_INR    ₹ 29.6000
2025-10-23 20:39:01,268 [INFO] 🕯️ I-ADA_INR    ₹ 59.7110
2025-10-23 20:39:01,554 [INFO] 🕯️ I-ALGO_INR   ₹ 17.1470
2025-10-23 20:39:02,869 [INFO] 🕯️ I-XRP_INR    ₹223.7700
2025-10-23 20:40:03,229 [INFO] 🕯️ I-TRX_INR    ₹ 29.6000
2025-10-23 20:40:03,577 [INFO] 🕯️ I-ADA_INR    ₹ 59.7120
2025-10-23 20:40:04,425 [INFO] 🕯️ I-ALGO_INR   ₹ 17.1470
2025-10-23 20:40:04,649 [INFO] 🕯️ I-XRP_INR    ₹224.2500
2025-10-23 20:41:05,559 [INFO] 🕯️ I-TRX_INR    ₹ 29.6000
2025-10-23 20:41:05,787 [INFO] 🕯️ I-ADA_INR    ₹ 59.7120
2025-10-23 20:41:06,016 [INFO] 🕯️ I-ALGO_INR   ₹ 17.1470
2025-10-23 20:41:06,212 [INFO] 🕯️ I-XRP_INR    ₹225.1900
2025-10-23 20:42:06,593 [INFO] 🕯️ I-TRX_INR    ₹ 29.8270
2025-10-23 20:42:06,796 [INFO] 🕯️ I-ADA_INR    ₹ 59.7120
2025-10-23 20:42:06,990 [INFO] 🕯️ I-ALGO_INR   ₹ 17.1470
2025-10-23 20:42:07,221 [INFO] 🕯️ I-XRP_INR    ₹225.3800
2025-10-23 20:43:07,767 [INFO] 🕯️ I-TRX_INR    ₹ 29.7800
2025-10-23 20:43:08,250 [INFO] 🕯️ I-ADA_INR    ₹ 59.7120
2025-10-23 20:43:09,592 [INFO] 🕯️ I-ALGO_INR   ₹ 17.1470
2025-10-23 20:43:09,869 [INFO] 🕯️ I-XRP_INR    ₹225.2400
2025-10-23 20:44:10,212 [INFO] 🕯️ I-TRX_INR    ₹ 29.7830
2025-10-23 20:44:10,450 [INFO] 🕯️ I-ADA_INR    ₹ 59.7120
2025-10-23 20:44:10,713 [INFO] 🕯️ I-ALGO_INR   ₹ 17.1470
2025-10-23 20:44:10,912 [INFO] 🕯️ I-XRP_INR    ₹225.2400
2025-10-23 20:45:11,233 [INFO] 🕯️ I-TRX_INR    ₹ 29.7840
2025-10-23 20:45:11,442 [INFO] 🕯️ I-ADA_INR    ₹ 59.7120
2025-10-23 20:45:11,683 [INFO] 🕯️ I-ALGO_INR   ₹ 17.1470
2025-10-23 20:45:11,924 [INFO] 🕯️ I-XRP_INR    ₹225.3668
2025-10-23 20:46:12,665 [INFO] 🕯️ I-TRX_INR    ₹ 29.5500
2025-10-23 20:46:12,666 [INFO] 📈 OPENED SELL I-TRX_INR qty=30.4569 @ ₹29.5500
2025-10-23 20:46:14,394 [INFO] 🕯️ I-ADA_INR    ₹ 59.7120
2025-10-23 20:46:14,636 [INFO] 🕯️ I-ALGO_INR   ₹ 17.1470
2025-10-23 20:46:14,850 [INFO] 🕯️ I-XRP_INR    ₹225.3668
2025-10-23 20:47:16,406 [INFO] 🕯️ I-TRX_INR    ₹ 29.7450
2025-10-23 20:47:16,679 [INFO] 🕯️ I-ADA_INR    ₹ 59.9600
2025-10-23 20:47:16,925 [INFO] 🕯️ I-ALGO_INR   ₹ 17.1470
2025-10-23 20:47:17,270 [INFO] 🕯️ I-XRP_INR    ₹225.2299
2025-10-23 20:48:19,098 [INFO] 🕯️ I-TRX_INR    ₹ 29.4500
2025-10-23 20:48:19,362 [INFO] 🕯️ I-ADA_INR    ₹ 59.9590
2025-10-23 20:48:19,630 [INFO] 🕯️ I-ALGO_INR   ₹ 17.1470
2025-10-23 20:48:20,441 [INFO] 🕯️ I-XRP_INR    ₹223.7700
2025-10-23 20:49:22,198 [INFO] 🕯️ I-TRX_INR    ₹ 29.7300
2025-10-23 20:49:22,474 [INFO] 🕯️ I-ADA_INR    ₹ 59.9590
2025-10-23 20:49:23,149 [INFO] 🕯️ I-ALGO_INR   ₹ 17.1470
2025-10-23 20:49:23,374 [INFO] 🕯️ I-XRP_INR    ₹225.0099
2025-10-23 20:50:25,100 [INFO] 🕯️ I-TRX_INR    ₹ 29.6800
2025-10-23 20:50:25,365 [INFO] 🕯️ I-ADA_INR    ₹ 59.9590
2025-10-23 20:50:25,619 [INFO] 🕯️ I-ALGO_INR   ₹ 17.1470
2025-10-23 20:50:26,163 [INFO] 🕯️ I-XRP_INR    ₹224.5900
2025-10-23 20:51:27,753 [INFO] 🕯️ I-TRX_INR    ₹ 29.4500
2025-10-23 20:51:28,043 [INFO] 🕯️ I-ADA_INR    ₹ 59.3540
2025-10-23 20:51:28,344 [INFO] 🕯️ I-ALGO_INR   ₹ 17.1470
2025-10-23 20:51:28,700 [INFO] 🕯️ I-XRP_INR    ₹224.6500
2025-10-23 20:52:35,605 [INFO] 🕯️ I-TRX_INR    ₹ 29.6400
2025-10-23 20:52:35,857 [INFO] 🕯️ I-ADA_INR    ₹ 59.3540
2025-10-23 20:52:36,104 [INFO] 🕯️ I-ALGO_INR   ₹ 17.1470
2025-10-23 20:52:36,402 [INFO] 🕯️ I-XRP_INR    ₹224.4600
2025-10-23 20:53:38,084 [INFO] 🕯️ I-TRX_INR    ₹ 29.6400
2025-10-23 20:53:38,300 [INFO] 🕯️ I-ADA_INR    ₹ 59.8770
2025-10-23 20:53:38,525 [INFO] 🕯️ I-ALGO_INR   ₹ 17.1470
2025-10-23 20:53:38,742 [INFO] 🕯️ I-XRP_INR    ₹223.7700
2025-10-23 20:54:40,579 [INFO] 🕯️ I-TRX_INR    ₹ 29.5100
2025-10-23 20:54:40,823 [INFO] 🕯️ I-ADA_INR    ₹ 59.8770
2025-10-23 20:54:41,037 [INFO] 🕯️ I-ALGO_INR   ₹ 17.1470
2025-10-23 20:54:41,240 [INFO] 🕯️ I-XRP_INR    ₹224.8300
2025-10-23 20:55:42,825 [INFO] 🕯️ I-TRX_INR    ₹ 29.4500
2025-10-23 20:55:43,047 [INFO] 🕯️ I-ADA_INR    ₹ 59.8770
2025-10-23 20:55:43,219 [INFO] 🕯️ I-ALGO_INR   ₹ 17.1470
2025-10-23 20:55:43,480 [INFO] 🕯️ I-XRP_INR    ₹224.8170
2025-10-23 20:56:45,305 [INFO] 🕯️ I-TRX_INR    ₹ 29.4500
2025-10-23 20:56:45,523 [INFO] 🕯️ I-ADA_INR    ₹ 59.3540
2025-10-23 20:56:45,788 [INFO] 🕯️ I-ALGO_INR   ₹ 17.1470
2025-10-23 20:56:46,025 [INFO] 🕯️ I-XRP_INR    ₹224.8009
2025-10-23 20:57:48,067 [INFO] 🕯️ I-TRX_INR    ₹ 29.4950
2025-10-23 20:57:48,284 [INFO] 🕯️ I-ADA_INR    ₹ 59.8770
2025-10-23 20:57:48,490 [INFO] 🕯️ I-ALGO_INR   ₹ 17.1470
2025-10-23 20:57:48,708 [INFO] 🕯️ I-XRP_INR    ₹224.7831
2025-10-23 20:58:50,325 [INFO] 🕯️ I-TRX_INR    ₹ 29.4500
2025-10-23 20:58:50,567 [INFO] 🕯️ I-ADA_INR    ₹ 59.8770
2025-10-23 20:58:50,807 [INFO] 🕯️ I-ALGO_INR   ₹ 17.1470
2025-10-23 20:58:51,008 [INFO] 🕯️ I-XRP_INR    ₹224.9535
2025-10-23 20:59:52,934 [INFO] 🕯️ I-TRX_INR    ₹ 29.4700
2025-10-23 20:59:53,171 [INFO] 🕯️ I-ADA_INR    ₹ 59.8770
2025-10-23 20:59:53,414 [INFO] 🕯️ I-ALGO_INR   ₹ 17.1470
2025-10-23 20:59:53,637 [INFO] 🕯️ I-XRP_INR    ₹223.7700
2025-10-23 21:00:55,006 [INFO] 🕯️ I-TRX_INR    ₹ 29.5100
2025-10-23 21:00:55,237 [INFO] 🕯️ I-ADA_INR    ₹ 59.8770
2025-10-23 21:00:55,489 [INFO] 🕯️ I-ALGO_INR   ₹ 17.1470
2025-10-23 21:00:55,787 [INFO] 🕯️ I-XRP_INR    ₹224.9500
2025-10-23 21:01:57,279 [INFO] 🕯️ I-TRX_INR    ₹ 29.4900
2025-10-23 21:01:57,459 [INFO] 🕯️ I-ADA_INR    ₹ 59.8770
2025-10-23 21:01:57,656 [INFO] 🕯️ I-ALGO_INR   ₹ 17.1470
2025-10-23 21:01:57,879 [INFO] 🕯️ I-XRP_INR    ₹225.3509
2025-10-23 21:02:59,410 [INFO] 🕯️ I-TRX_INR    ₹ 29.5300
2025-10-23 21:02:59,691 [INFO] 🕯️ I-ADA_INR    ₹ 59.8770
2025-10-23 21:03:00,185 [INFO] 🕯️ I-ALGO_INR   ₹ 17.1470
2025-10-23 21:03:00,388 [INFO] 🕯️ I-XRP_INR    ₹225.3490
2025-10-23 21:04:01,910 [INFO] 🕯️ I-TRX_INR    ₹ 29.4600
2025-10-23 21:04:02,194 [INFO] 🕯️ I-ADA_INR    ₹ 59.8770
2025-10-23 21:04:02,397 [INFO] 🕯️ I-ALGO_INR   ₹ 17.1470
2025-10-23 21:04:02,615 [INFO] 🕯️ I-XRP_INR    ₹225.3490
2025-10-23 21:05:03,999 [INFO] 🕯️ I-TRX_INR    ₹ 29.4600
2025-10-23 21:05:04,192 [INFO] 🕯️ I-ADA_INR    ₹ 59.8770
2025-10-23 21:05:04,413 [INFO] 🕯️ I-ALGO_INR   ₹ 17.2130
2025-10-23 21:05:04,659 [INFO] 🕯️ I-XRP_INR    ₹223.7810
2025-10-23 21:06:06,942 [INFO] 🕯️ I-TRX_INR    ₹ 29.4600
2025-10-23 21:06:07,155 [INFO] 🕯️ I-ADA_INR    ₹ 59.8770
2025-10-23 21:06:07,385 [INFO] 🕯️ I-ALGO_INR   ₹ 17.2130
2025-10-23 21:06:07,616 [INFO] 🕯️ I-XRP_INR    ₹225.6358
2025-10-23 21:07:09,958 [INFO] 🕯️ I-TRX_INR    ₹ 29.4600
2025-10-23 21:07:10,185 [INFO] 🕯️ I-ADA_INR    ₹ 59.9990
2025-10-23 21:07:10,393 [INFO] 🕯️ I-ALGO_INR   ₹ 17.2130
2025-10-23 21:07:10,691 [INFO] 🕯️ I-XRP_INR    ₹225.5494
2025-10-23 21:08:12,616 [INFO] 🕯️ I-TRX_INR    ₹ 29.4600
2025-10-23 21:08:12,838 [INFO] 🕯️ I-ADA_INR    ₹ 60.1200
2025-10-23 21:08:13,030 [INFO] 🕯️ I-ALGO_INR   ₹ 17.2130
2025-10-23 21:08:13,266 [INFO] 🕯️ I-XRP_INR    ₹225.3946
2025-10-23 21:09:14,799 [INFO] 🕯️ I-TRX_INR    ₹ 29.5800
2025-10-23 21:09:15,036 [INFO] 🕯️ I-ADA_INR    ₹ 60.1190
2025-10-23 21:09:15,308 [INFO] 🕯️ I-ALGO_INR   ₹ 17.2130
2025-10-23 21:09:15,542 [INFO] 🕯️ I-XRP_INR    ₹225.4200
2025-10-23 21:10:17,140 [INFO] 🕯️ I-TRX_INR    ₹ 29.5400
2025-10-23 21:10:17,368 [INFO] 🕯️ I-ADA_INR    ₹ 60.1190
2025-10-23 21:10:17,607 [INFO] 🕯️ I-ALGO_INR   ₹ 17.2130
2025-10-23 21:10:17,831 [INFO] 🕯️ I-XRP_INR    ₹225.4899
2025-10-23 21:11:21,014 [INFO] 🕯️ I-TRX_INR    ₹ 29.5400
2025-10-23 21:11:21,222 [INFO] 🕯️ I-ADA_INR    ₹ 60.1190
2025-10-23 21:11:21,445 [INFO] 🕯️ I-ALGO_INR   ₹ 17.2130
2025-10-23 21:11:21,674 [INFO] 🕯️ I-XRP_INR    ₹225.2782
2025-10-23 21:12:23,058 [INFO] 🕯️ I-TRX_INR    ₹ 29.5400
2025-10-23 21:12:23,309 [INFO] 🕯️ I-ADA_INR    ₹ 60.1190
2025-10-23 21:12:23,528 [INFO] 🕯️ I-ALGO_INR   ₹ 17.2130
2025-10-23 21:12:23,766 [INFO] 🕯️ I-XRP_INR    ₹223.7800
2025-10-23 21:13:25,469 [INFO] 🕯️ I-TRX_INR    ₹ 29.5400
2025-10-23 21:13:25,718 [INFO] 🕯️ I-ADA_INR    ₹ 60.1190
2025-10-23 21:13:25,926 [INFO] 🕯️ I-ALGO_INR   ₹ 17.2130
2025-10-23 21:13:26,197 [INFO] 🕯️ I-XRP_INR    ₹225.3852
2025-10-23 21:14:27,585 [INFO] 🕯️ I-TRX_INR    ₹ 29.4800
2025-10-23 21:14:27,751 [INFO] 🕯️ I-ADA_INR    ₹ 60.0000
2025-10-23 21:14:27,911 [INFO] 🕯️ I-ALGO_INR   ₹ 17.2130
2025-10-23 21:14:28,144 [INFO] 🕯️ I-XRP_INR    ₹225.0948
2025-10-23 21:15:29,538 [INFO] 🕯️ I-TRX_INR    ₹ 29.4700
2025-10-23 21:15:29,692 [INFO] 🕯️ I-ADA_INR    ₹ 59.9310
2025-10-23 21:15:29,862 [INFO] 🕯️ I-ALGO_INR   ₹ 17.2130
2025-10-23 21:15:30,052 [INFO] 🕯️ I-XRP_INR    ₹223.7800
2025-10-23 21:16:31,452 [INFO] 🕯️ I-TRX_INR    ₹ 29.4700
2025-10-23 21:16:31,751 [INFO] 🕯️ I-ADA_INR    ₹ 59.9080
2025-10-23 21:16:31,956 [INFO] 🕯️ I-ALGO_INR   ₹ 17.2130
2025-10-23 21:16:32,183 [INFO] 🕯️ I-XRP_INR    ₹225.0000
2025-10-23 21:17:33,723 [INFO] 🕯️ I-TRX_INR    ₹ 29.5400
2025-10-23 21:17:33,937 [INFO] 🕯️ I-ADA_INR    ₹ 60.1740
2025-10-23 21:17:34,194 [INFO] 🕯️ I-ALGO_INR   ₹ 17.2130
2025-10-23 21:17:34,390 [INFO] 🕯️ I-XRP_INR    ₹225.1000
2025-10-23 21:18:35,668 [INFO] 🕯️ I-TRX_INR    ₹ 29.5200
2025-10-23 21:18:35,875 [INFO] 🕯️ I-ADA_INR    ₹ 60.1740
2025-10-23 21:18:36,114 [INFO] 🕯️ I-ALGO_INR   ₹ 17.2130
2025-10-23 21:18:36,335 [INFO] 🕯️ I-XRP_INR    ₹225.3100
2025-10-23 21:19:39,217 [INFO] 🕯️ I-TRX_INR    ₹ 29.4500
2025-10-23 21:19:39,417 [INFO] 🕯️ I-ADA_INR    ₹ 60.1740
2025-10-23 21:19:39,654 [INFO] 🕯️ I-ALGO_INR   ₹ 17.2130
2025-10-23 21:19:39,869 [INFO] 🕯️ I-XRP_INR    ₹225.4190
2025-10-23 21:20:51,468 [INFO] ======================================================================
2025-10-23 21:20:51,469 [INFO] 🚀 CoinDCX Scalping Bot
2025-10-23 21:20:51,469 [INFO] Capital: ₹350.0 | Margin: ₹300.0 | Leverage: 3x
2025-10-23 21:20:51,470 [INFO] Strategy: TP=0.8% | SL=0.4% | R:R = 1:2.0
2025-10-23 21:20:51,470 [INFO] Protection: 120s minimum hold | Emergency SL: 2.0%
2025-10-23 21:20:51,470 [INFO] Telegram: ✅ Enabled
2025-10-23 21:20:51,470 [INFO] ======================================================================
2025-10-23 21:20:53,221 [INFO] ✓ Retrieved 1073 markets
2025-10-23 21:20:53,223 [INFO] ✅ Selected: I-TRX_INR, I-ADA_INR, I-ALGO_INR, I-XRP_INR
2025-10-23 21:20:53,224 [INFO] 
📊 Initializing...
2025-10-23 21:20:53,431 [INFO] ✓ I-TRX_INR    @ ₹ 29.5400 | Qty:    30.4672
2025-10-23 21:20:53,617 [INFO] ✓ I-ADA_INR    @ ₹ 60.1210 | Qty:    14.9698
2025-10-23 21:20:53,786 [INFO] ✓ I-ALGO_INR   @ ₹ 17.2130 | Qty:    52.2861
2025-10-23 21:20:53,953 [INFO] ✓ I-XRP_INR    @ ₹225.4190 | Qty:     3.9926
2025-10-23 21:20:53,953 [INFO] 
✓ Scalping bot running | Press Ctrl+C to stop

2025-10-23 21:20:53,954 [INFO] ✓ Health server starting on port 8080
2025-10-23 21:21:24,292 [INFO] 🕯️ I-TRX_INR    ₹ 29.5400
2025-10-23 21:21:24,584 [INFO] 🕯️ I-ADA_INR    ₹ 60.1210
2025-10-23 21:21:24,826 [INFO] 🕯️ I-ALGO_INR   ₹ 17.2130
2025-10-23 21:21:25,001 [INFO] 🕯️ I-XRP_INR    ₹225.3889
2025-10-23 21:22:26,146 [INFO] 🕯️ I-TRX_INR    ₹ 29.4500
2025-10-23 21:22:26,371 [INFO] 🕯️ I-ADA_INR    ₹ 60.1210
2025-10-23 21:22:26,605 [INFO] 🕯️ I-ALGO_INR   ₹ 17.2130
2025-10-23 21:22:26,831 [INFO] 🕯️ I-XRP_INR    ₹225.3854
2025-10-23 21:23:28,041 [INFO] 🕯️ I-TRX_INR    ₹ 29.5200
2025-10-23 21:23:28,308 [INFO] 🕯️ I-ADA_INR    ₹ 60.1210
2025-10-23 21:23:28,509 [INFO] 🕯️ I-ALGO_INR   ₹ 17.2130
2025-10-23 21:23:28,731 [INFO] 🕯️ I-XRP_INR    ₹225.3843
2025-10-23 21:24:30,116 [INFO] 🕯️ I-TRX_INR    ₹ 29.5300
2025-10-23 21:24:30,333 [INFO] 🕯️ I-ADA_INR    ₹ 60.1740
2025-10-23 21:24:30,577 [INFO] 🕯️ I-ALGO_INR   ₹ 17.2130
2025-10-23 21:24:30,799 [INFO] 🕯️ I-XRP_INR    ₹225.3778
2025-10-23 21:25:01,116 [INFO] 🕯️ I-TRX_INR    ₹ 29.5300
2025-10-23 21:25:01,344 [INFO] 🕯️ I-ADA_INR    ₹ 59.9080
2025-10-23 21:25:01,563 [INFO] 🕯️ I-ALGO_INR   ₹ 17.2130
2025-10-23 21:25:01,760 [INFO] 🕯️ I-XRP_INR    ₹225.3778
2025-10-23 21:26:03,040 [INFO] 🕯️ I-TRX_INR    ₹ 29.5600
2025-10-23 21:26:03,284 [INFO] 🕯️ I-ADA_INR    ₹ 60.1800
2025-10-23 21:26:03,467 [INFO] 🕯️ I-ALGO_INR   ₹ 17.2130
2025-10-23 21:26:03,674 [INFO] 🕯️ I-XRP_INR    ₹225.3723
2025-10-23 21:27:04,876 [INFO] 🕯️ I-TRX_INR    ₹ 29.5600
2025-10-23 21:27:05,093 [INFO] 🕯️ I-ADA_INR    ₹ 59.9080
2025-10-23 21:27:05,289 [INFO] 🕯️ I-ALGO_INR   ₹ 17.2130
2025-10-23 21:27:05,486 [INFO] 🕯️ I-XRP_INR    ₹225.3679
2025-10-23 21:28:06,764 [INFO] 🕯️ I-TRX_INR    ₹ 29.5600
2025-10-23 21:28:06,945 [INFO] 🕯️ I-ADA_INR    ₹ 60.1590
2025-10-23 21:28:07,146 [INFO] 🕯️ I-ALGO_INR   ₹ 17.2130
2025-10-23 21:28:07,342 [INFO] 🕯️ I-XRP_INR    ₹225.3699
2025-10-23 21:29:08,622 [INFO] 🕯️ I-TRX_INR    ₹ 29.5880
2025-10-23 21:29:08,867 [INFO] 🕯️ I-ADA_INR    ₹ 60.1590
2025-10-23 21:29:09,113 [INFO] 🕯️ I-ALGO_INR   ₹ 17.2130
2025-10-23 21:29:09,391 [INFO] 🕯️ I-XRP_INR    ₹225.3566
2025-10-23 21:30:10,585 [INFO] 🕯️ I-TRX_INR    ₹ 29.5880
2025-10-23 21:30:10,806 [INFO] 🕯️ I-ADA_INR    ₹ 60.0470
2025-10-23 21:30:11,016 [INFO] 🕯️ I-ALGO_INR   ₹ 17.2130
2025-10-23 21:30:11,238 [INFO] 🕯️ I-XRP_INR    ₹225.3511
2025-10-23 21:31:12,429 [INFO] 🕯️ I-TRX_INR    ₹ 29.5880
2025-10-23 21:31:12,619 [INFO] 🕯️ I-ADA_INR    ₹ 60.0840
2025-10-23 21:31:12,805 [INFO] 🕯️ I-ALGO_INR   ₹ 17.2130
2025-10-23 21:31:12,994 [INFO] 🕯️ I-XRP_INR    ₹225.1500
2025-10-23 21:32:15,126 [INFO] 🕯️ I-TRX_INR    ₹ 29.4800
2025-10-23 21:32:15,415 [INFO] 🕯️ I-ADA_INR    ₹ 59.9000
2025-10-23 21:32:15,689 [INFO] 🕯️ I-ALGO_INR   ₹ 17.2130
2025-10-23 21:32:16,890 [INFO] 🕯️ I-XRP_INR    ₹225.3489
2025-10-23 21:33:18,037 [INFO] 🕯️ I-TRX_INR    ₹ 29.5030
2025-10-23 21:33:18,230 [INFO] 🕯️ I-ADA_INR    ₹ 59.9080
2025-10-23 21:33:18,424 [INFO] 🕯️ I-ALGO_INR   ₹ 17.2130
2025-10-23 21:33:18,616 [INFO] 🕯️ I-XRP_INR    ₹225.3100
2025-10-23 21:34:19,750 [INFO] 🕯️ I-TRX_INR    ₹ 29.4000
2025-10-23 21:34:19,953 [INFO] 🕯️ I-ADA_INR    ₹ 59.9080
2025-10-23 21:34:20,155 [INFO] 🕯️ I-ALGO_INR   ₹ 17.2130
2025-10-23 21:34:20,361 [INFO] 🕯️ I-XRP_INR    ₹225.3489
2025-10-23 21:35:22,442 [INFO] 🕯️ I-TRX_INR    ₹ 29.4000
2025-10-23 21:35:22,633 [INFO] 🕯️ I-ADA_INR    ₹ 59.9080
2025-10-23 21:35:22,832 [INFO] 🕯️ I-ALGO_INR   ₹ 17.2130
2025-10-23 21:35:23,035 [INFO] 🕯️ I-XRP_INR    ₹225.3455
2025-10-23 21:36:24,144 [INFO] 🕯️ I-TRX_INR    ₹ 29.4600
2025-10-23 21:36:24,361 [INFO] 🕯️ I-ADA_INR    ₹ 59.9080
2025-10-23 21:36:24,548 [INFO] 🕯️ I-ALGO_INR   ₹ 17.2130
2025-10-23 21:36:24,750 [INFO] 🕯️ I-XRP_INR    ₹225.3433
2025-10-23 21:37:25,940 [INFO] 🕯️ I-TRX_INR    ₹ 29.4500
2025-10-23 21:37:26,203 [INFO] 🕯️ I-ADA_INR    ₹ 59.9000
2025-10-23 21:37:26,465 [INFO] 🕯️ I-ALGO_INR   ₹ 17.2130
2025-10-23 21:37:27,184 [INFO] 🕯️ I-XRP_INR    ₹223.7800
2025-10-23 21:38:28,434 [INFO] 🕯️ I-TRX_INR    ₹ 29.4100
2025-10-23 21:38:28,634 [INFO] 🕯️ I-ADA_INR    ₹ 60.0190
2025-10-23 21:38:28,838 [INFO] 🕯️ I-ALGO_INR   ₹ 17.2130
2025-10-23 21:38:29,035 [INFO] 🕯️ I-XRP_INR    ₹225.1798
2025-10-23 21:39:00,325 [INFO] 🕯️ I-ALGO_INR   ₹ 17.2130
2025-10-23 21:39:00,524 [INFO] 🕯️ I-XRP_INR    ₹224.9793
2025-10-23 21:39:30,858 [INFO] 🕯️ I-TRX_INR    ₹ 29.4100
2025-10-23 21:39:31,047 [INFO] 🕯️ I-ADA_INR    ₹ 59.9360
2025-10-23 21:40:01,819 [INFO] 🕯️ I-TRX_INR    ₹ 29.4100
2025-10-23 21:40:02,017 [INFO] 🕯️ I-ADA_INR    ₹ 59.9360
2025-10-23 21:40:02,239 [INFO] 🕯️ I-ALGO_INR   ₹ 17.2130
2025-10-23 21:40:02,424 [INFO] 🕯️ I-XRP_INR    ₹224.9774
2025-10-23 21:41:03,519 [INFO] 🕯️ I-TRX_INR    ₹ 29.4000
2025-10-23 21:41:03,707 [INFO] 🕯️ I-ADA_INR    ₹ 59.9770
2025-10-23 21:41:03,899 [INFO] 🕯️ I-ALGO_INR   ₹ 17.2130
2025-10-23 21:41:04,108 [INFO] 🕯️ I-XRP_INR    ₹224.8051
2025-10-23 21:42:05,244 [INFO] 🕯️ I-TRX_INR    ₹ 29.4000
2025-10-23 21:42:05,442 [INFO] 🕯️ I-ADA_INR    ₹ 59.9960
2025-10-23 21:42:05,646 [INFO] 🕯️ I-ALGO_INR   ₹ 17.2130
2025-10-23 21:42:05,846 [INFO] 🕯️ I-XRP_INR    ₹224.9299
2025-10-23 21:43:06,992 [INFO] 🕯️ I-TRX_INR    ₹ 29.3610
2025-10-23 21:43:07,169 [INFO] 🕯️ I-ADA_INR    ₹ 60.1200
2025-10-23 21:43:07,358 [INFO] 🕯️ I-ALGO_INR   ₹ 17.1890
2025-10-23 21:43:07,557 [INFO] 🕯️ I-XRP_INR    ₹224.9500
2025-10-23 21:44:08,627 [INFO] 🕯️ I-TRX_INR    ₹ 29.3900
2025-10-23 21:44:08,816 [INFO] 🕯️ I-ADA_INR    ₹ 60.0880
2025-10-23 21:44:09,001 [INFO] 🕯️ I-ALGO_INR   ₹ 17.1890
2025-10-23 21:44:09,200 [INFO] 🕯️ I-XRP_INR    ₹225.2653
2025-10-23 21:45:10,364 [INFO] 🕯️ I-TRX_INR    ₹ 29.3900
2025-10-23 21:45:10,559 [INFO] 🕯️ I-ADA_INR    ₹ 60.0820
2025-10-23 21:45:10,734 [INFO] 🕯️ I-ALGO_INR   ₹ 17.1890
2025-10-23 21:45:10,917 [INFO] 🕯️ I-XRP_INR    ₹223.7800
2025-10-23 21:46:12,004 [INFO] 🕯️ I-TRX_INR    ₹ 29.1910
2025-10-23 21:46:12,201 [INFO] 🕯️ I-ADA_INR    ₹ 60.0820
2025-10-23 21:46:12,409 [INFO] 🕯️ I-ALGO_INR   ₹ 17.1890
2025-10-23 21:46:12,612 [INFO] 🕯️ I-XRP_INR    ₹225.2799
2025-10-23 21:47:13,754 [INFO] 🕯️ I-TRX_INR    ₹ 29.3900
2025-10-23 21:47:13,952 [INFO] 🕯️ I-ADA_INR    ₹ 60.0980
2025-10-23 21:47:14,160 [INFO] 🕯️ I-ALGO_INR   ₹ 17.1910
2025-10-23 21:47:14,361 [INFO] 🕯️ I-XRP_INR    ₹225.2840
2025-10-23 21:48:15,509 [INFO] 🕯️ I-TRX_INR    ₹ 29.3600
2025-10-23 21:48:15,697 [INFO] 🕯️ I-ADA_INR    ₹ 59.3900
2025-10-23 21:48:15,894 [INFO] 🕯️ I-ALGO_INR   ₹ 17.1910
2025-10-23 21:48:16,080 [INFO] 🕯️ I-XRP_INR    ₹225.0179
2025-10-23 21:49:17,212 [INFO] 🕯️ I-TRX_INR    ₹ 29.3600
2025-10-23 21:49:17,394 [INFO] 🕯️ I-ADA_INR    ₹ 59.3900
2025-10-23 21:49:17,575 [INFO] 🕯️ I-ALGO_INR   ₹ 17.1910
2025-10-23 21:49:17,762 [INFO] 🕯️ I-XRP_INR    ₹225.1823
2025-10-23 21:50:18,907 [INFO] 🕯️ I-TRX_INR    ₹ 29.3600
2025-10-23 21:50:19,158 [INFO] 🕯️ I-ADA_INR    ₹ 60.1270
2025-10-23 21:50:19,353 [INFO] 🕯️ I-ALGO_INR   ₹ 17.1910
2025-10-23 21:50:19,564 [INFO] 🕯️ I-XRP_INR    ₹225.1802
2025-10-23 21:51:20,725 [INFO] 🕯️ I-TRX_INR    ₹ 29.3300
2025-10-23 21:51:20,934 [INFO] 🕯️ I-ADA_INR    ₹ 60.1270
2025-10-23 21:51:21,165 [INFO] 🕯️ I-ALGO_INR   ₹ 17.1910
2025-10-23 21:51:21,346 [INFO] 🕯️ I-XRP_INR    ₹225.1794
2025-10-23 21:52:24,503 [INFO] 🕯️ I-TRX_INR    ₹ 29.3300
2025-10-23 21:52:24,677 [INFO] 🕯️ I-ADA_INR    ₹ 60.1790
2025-10-23 21:52:24,864 [INFO] 🕯️ I-ALGO_INR   ₹ 17.1910
2025-10-23 21:52:25,053 [INFO] 🕯️ I-XRP_INR    ₹225.1777
2025-10-23 21:53:26,241 [INFO] 🕯️ I-TRX_INR    ₹ 29.3400
2025-10-23 21:53:26,422 [INFO] 🕯️ I-ADA_INR    ₹ 60.1010
2025-10-23 21:53:26,614 [INFO] 🕯️ I-ALGO_INR   ₹ 17.1910
2025-10-23 21:53:26,815 [INFO] 🕯️ I-XRP_INR    ₹224.9477
2025-10-23 21:54:27,911 [INFO] 🕯️ I-TRX_INR    ₹ 29.2500
2025-10-23 21:54:28,193 [INFO] 🕯️ I-ADA_INR    ₹ 60.0950
2025-10-23 21:54:28,397 [INFO] 🕯️ I-ALGO_INR   ₹ 17.1910
2025-10-23 21:54:28,610 [INFO] 🕯️ I-XRP_INR    ₹224.5099
2025-10-23 21:55:29,747 [INFO] 🕯️ I-TRX_INR    ₹ 29.2500
2025-10-23 21:55:29,957 [INFO] 🕯️ I-ADA_INR    ₹ 60.1500
2025-10-23 21:55:30,160 [INFO] 🕯️ I-ALGO_INR   ₹ 17.1910
2025-10-23 21:55:30,350 [INFO] 🕯️ I-XRP_INR    ₹224.4274
2025-10-23 21:56:00,561 [INFO] 🕯️ I-TRX_INR    ₹ 29.2800
2025-10-23 21:56:00,773 [INFO] 🕯️ I-ADA_INR    ₹ 60.1300
2025-10-23 21:56:00,974 [INFO] 🕯️ I-ALGO_INR   ₹ 17.1910
2025-10-23 21:56:01,186 [INFO] 🕯️ I-XRP_INR    ₹224.6026
2025-10-23 21:57:02,229 [INFO] 🕯️ I-TRX_INR    ₹ 29.3100
2025-10-23 21:57:02,417 [INFO] 🕯️ I-ADA_INR    ₹ 60.1370
2025-10-23 21:57:02,585 [INFO] 🕯️ I-ALGO_INR   ₹ 17.1910
2025-10-23 21:57:02,777 [INFO] 🕯️ I-XRP_INR    ₹224.5499
2025-10-23 21:58:03,960 [INFO] 🕯️ I-TRX_INR    ₹ 29.2900
2025-10-23 21:58:04,152 [INFO] 🕯️ I-ADA_INR    ₹ 60.1900
2025-10-23 21:58:04,347 [INFO] 🕯️ I-ALGO_INR   ₹ 17.1910
2025-10-23 21:58:04,542 [INFO] 🕯️ I-XRP_INR    ₹224.4224
2025-10-23 21:59:05,604 [INFO] 🕯️ I-TRX_INR    ₹ 29.3000
2025-10-23 21:59:05,809 [INFO] 🕯️ I-ADA_INR    ₹ 60.1760
2025-10-23 21:59:05,990 [INFO] 🕯️ I-ALGO_INR   ₹ 17.1910
2025-10-23 21:59:06,177 [INFO] 🕯️ I-XRP_INR    ₹224.4737
2025-10-23 22:00:07,280 [INFO] 🕯️ I-TRX_INR    ₹ 29.3000
2025-10-23 22:00:07,488 [INFO] 🕯️ I-ADA_INR    ₹ 60.1760
2025-10-23 22:00:07,693 [INFO] 🕯️ I-ALGO_INR   ₹ 17.1910
2025-10-23 22:00:07,878 [INFO] 🕯️ I-XRP_INR    ₹224.2497
2025-10-23 22:01:08,957 [INFO] 🕯️ I-TRX_INR    ₹ 29.2400
2025-10-23 22:01:09,131 [INFO] 🕯️ I-ADA_INR    ₹ 60.1280
2025-10-23 22:01:09,331 [INFO] 🕯️ I-ALGO_INR   ₹ 17.1910
2025-10-23 22:01:09,534 [INFO] 🕯️ I-XRP_INR    ₹224.3300
2025-10-23 22:02:10,651 [INFO] 🕯️ I-TRX_INR    ₹ 29.2900
2025-10-23 22:02:10,857 [INFO] 🕯️ I-ADA_INR    ₹ 60.1130
2025-10-23 22:02:11,037 [INFO] 🕯️ I-ALGO_INR   ₹ 17.1910
2025-10-23 22:02:11,234 [INFO] 🕯️ I-XRP_INR    ₹224.3950
2025-10-23 22:03:13,359 [INFO] 🕯️ I-TRX_INR    ₹ 29.2900
2025-10-23 22:03:13,544 [INFO] 🕯️ I-ADA_INR    ₹ 60.1050
2025-10-23 22:03:13,730 [INFO] 🕯️ I-ALGO_INR   ₹ 17.1910
2025-10-23 22:03:13,934 [INFO] 🕯️ I-XRP_INR    ₹223.2100
2025-10-23 22:04:15,052 [INFO] 🕯️ I-TRX_INR    ₹ 29.2900
2025-10-23 22:04:15,262 [INFO] 🕯️ I-ADA_INR    ₹ 60.0000
2025-10-23 22:04:15,451 [INFO] 🕯️ I-ALGO_INR   ₹ 17.2220
2025-10-23 22:04:15,660 [INFO] 🕯️ I-XRP_INR    ₹223.2100
2025-10-23 22:05:16,806 [INFO] 🕯️ I-TRX_INR    ₹ 29.3200
2025-10-23 22:05:16,982 [INFO] 🕯️ I-ADA_INR    ₹ 60.1170
2025-10-23 22:05:17,178 [INFO] 🕯️ I-ALGO_INR   ₹ 17.2220
2025-10-23 22:05:17,403 [INFO] 🕯️ I-XRP_INR    ₹224.3754
2025-10-23 22:06:18,460 [INFO] 🕯️ I-TRX_INR    ₹ 29.3200
2025-10-23 22:06:18,679 [INFO] 🕯️ I-ADA_INR    ₹ 59.9980
2025-10-23 22:06:18,884 [INFO] 🕯️ I-ALGO_INR   ₹ 17.2220
2025-10-23 22:06:19,092 [INFO] 🕯️ I-XRP_INR    ₹224.1373
2025-10-23 22:07:20,142 [INFO] 🕯️ I-TRX_INR    ₹ 29.3000
2025-10-23 22:07:20,341 [INFO] 🕯️ I-ADA_INR    ₹ 60.1040
2025-10-23 22:07:20,490 [INFO] 🕯️ I-ALGO_INR   ₹ 17.2220
2025-10-23 22:07:20,710 [INFO] 🕯️ I-XRP_INR    ₹224.1828
2025-10-23 22:08:21,796 [INFO] 🕯️ I-TRX_INR    ₹ 29.4190
2025-10-23 22:08:21,974 [INFO] 🕯️ I-ADA_INR    ₹ 59.3630
2025-10-23 22:08:22,182 [INFO] 🕯️ I-ALGO_INR   ₹ 17.2220
2025-10-23 22:08:22,388 [INFO] 🕯️ I-XRP_INR    ₹224.3728
2025-10-23 22:09:23,605 [INFO] 🕯️ I-TRX_INR    ₹ 29.3000
2025-10-23 22:09:23,821 [INFO] 🕯️ I-ADA_INR    ₹ 60.0440
2025-10-23 22:09:24,062 [INFO] 🕯️ I-ALGO_INR   ₹ 17.2220
2025-10-23 22:09:24,337 [INFO] 🕯️ I-XRP_INR    ₹224.2324
2025-10-23 22:10:25,658 [INFO] 🕯️ I-TRX_INR    ₹ 29.3900
2025-10-23 22:10:25,888 [INFO] 🕯️ I-ADA_INR    ₹ 60.0440
2025-10-23 22:10:26,125 [INFO] 🕯️ I-ALGO_INR   ₹ 17.0000
2025-10-23 22:10:26,364 [INFO] 🕯️ I-XRP_INR    ₹224.0000
2025-10-23 22:11:27,572 [INFO] 🕯️ I-TRX_INR    ₹ 29.3320
2025-10-23 22:11:27,809 [INFO] 🕯️ I-ADA_INR    ₹ 60.0130
2025-10-23 22:11:28,033 [INFO] 🕯️ I-ALGO_INR   ₹ 17.0000
2025-10-23 22:11:28,310 [INFO] 🕯️ I-XRP_INR    ₹223.5600
2025-10-23 22:12:00,184 [INFO] 🕯️ I-XRP_INR    ₹223.7400
2025-10-23 22:12:30,453 [INFO] 🕯️ I-TRX_INR    ₹ 29.3320
2025-10-23 22:12:30,683 [INFO] 🕯️ I-ADA_INR    ₹ 60.0130
2025-10-23 22:12:30,927 [INFO] 🕯️ I-ALGO_INR   ₹ 17.0000
2025-10-23 22:13:01,462 [INFO] 🕯️ I-TRX_INR    ₹ 29.3320
2025-10-23 22:13:01,869 [INFO] 🕯️ I-ADA_INR    ₹ 60.0130
2025-10-23 22:13:02,096 [INFO] 🕯️ I-ALGO_INR   ₹ 17.0000
2025-10-23 22:13:02,330 [INFO] 🕯️ I-XRP_INR    ₹223.0000
2025-10-23 22:14:03,697 [INFO] 🕯️ I-TRX_INR    ₹ 29.3320
2025-10-23 22:14:03,927 [INFO] 🕯️ I-ADA_INR    ₹ 59.4600
2025-10-23 22:14:04,201 [INFO] 🕯️ I-ALGO_INR   ₹ 17.0000
2025-10-23 22:14:04,473 [INFO] 🕯️ I-XRP_INR    ₹223.8600
2025-10-23 22:15:05,730 [INFO] 🕯️ I-TRX_INR    ₹ 29.3320
2025-10-23 22:15:06,096 [INFO] 🕯️ I-ADA_INR    ₹ 59.3580
2025-10-23 22:15:06,321 [INFO] 🕯️ I-ALGO_INR   ₹ 17.0000
2025-10-23 22:15:06,570 [INFO] 🕯️ I-XRP_INR    ₹223.9600
2025-10-23 22:16:07,915 [INFO] 🕯️ I-TRX_INR    ₹ 29.3000
2025-10-23 22:16:08,168 [INFO] 🕯️ I-ADA_INR    ₹ 60.1010
2025-10-23 22:16:08,393 [INFO] 🕯️ I-ALGO_INR   ₹ 16.9400
2025-10-23 22:16:08,636 [INFO] 🕯️ I-XRP_INR    ₹223.9300
2025-10-23 22:17:10,001 [INFO] 🕯️ I-TRX_INR    ₹ 29.3000
2025-10-23 22:17:10,251 [INFO] 🕯️ I-ADA_INR    ₹ 60.1760
2025-10-23 22:17:10,499 [INFO] 🕯️ I-ALGO_INR   ₹ 17.0000
2025-10-23 22:17:10,739 [INFO] 🕯️ I-XRP_INR    ₹224.0300
2025-10-23 22:18:12,280 [INFO] 🕯️ I-TRX_INR    ₹ 29.2700
2025-10-23 22:18:12,549 [INFO] 🕯️ I-ADA_INR    ₹ 60.1760
2025-10-23 22:18:12,865 [INFO] 🕯️ I-ALGO_INR   ₹ 17.0000
2025-10-23 22:18:13,101 [INFO] 🕯️ I-XRP_INR    ₹224.0700
2025-10-23 22:19:14,243 [INFO] 🕯️ I-TRX_INR    ₹ 29.3200
2025-10-23 22:19:14,511 [INFO] 🕯️ I-ADA_INR    ₹ 59.4710
2025-10-23 22:19:14,780 [INFO] 🕯️ I-ALGO_INR   ₹ 17.0000
2025-10-23 22:19:15,001 [INFO] 🕯️ I-XRP_INR    ₹223.0011
2025-10-23 22:20:16,285 [INFO] 🕯️ I-TRX_INR    ₹ 29.3460
2025-10-23 22:20:16,526 [INFO] 🕯️ I-ADA_INR    ₹ 60.2750
2025-10-23 22:20:16,778 [INFO] 🕯️ I-ALGO_INR   ₹ 17.0000
2025-10-23 22:20:17,004 [INFO] 🕯️ I-XRP_INR    ₹224.6699
2025-10-23 22:21:18,336 [INFO] 🕯️ I-TRX_INR    ₹ 29.3000
2025-10-23 22:21:18,592 [INFO] 🕯️ I-ADA_INR    ₹ 60.2540
2025-10-23 22:21:18,850 [INFO] 🕯️ I-ALGO_INR   ₹ 17.2100
2025-10-23 22:21:19,099 [INFO] 🕯️ I-XRP_INR    ₹224.6698
2025-10-23 22:22:21,963 [INFO] 🕯️ I-TRX_INR    ₹ 29.3200
2025-10-23 22:22:22,223 [INFO] 🕯️ I-ADA_INR    ₹ 60.3200
2025-10-23 22:22:22,455 [INFO] 🕯️ I-ALGO_INR   ₹ 17.2100
2025-10-23 22:22:22,737 [INFO] 🕯️ I-XRP_INR    ₹224.8599
2025-10-23 22:23:23,926 [INFO] 🕯️ I-TRX_INR    ₹ 29.3300
2025-10-23 22:23:24,164 [INFO] 🕯️ I-ADA_INR    ₹ 60.3200
2025-10-23 22:23:24,386 [INFO] 🕯️ I-ALGO_INR   ₹ 17.2100
2025-10-23 22:23:24,639 [INFO] 🕯️ I-XRP_INR    ₹225.0099
2025-10-23 22:24:26,388 [INFO] 🕯️ I-TRX_INR    ₹ 29.3300
2025-10-23 22:24:26,734 [INFO] 🕯️ I-ADA_INR    ₹ 60.4280
2025-10-23 22:24:26,735 [INFO] 📈 OPENED BUY I-ADA_INR qty=14.8938 @ ₹60.4280 (Scalp: TP=0.8%, SL=0.4%)
2025-10-23 22:24:28,240 [INFO] 🕯️ I-ALGO_INR   ₹ 17.2100
2025-10-23 22:24:28,459 [INFO] 🕯️ I-XRP_INR    ₹224.7500
2025-10-23 22:25:00,174 [INFO] 🕯️ I-ADA_INR    ₹ 60.4280
2025-10-23 22:25:00,400 [INFO] 🕯️ I-ALGO_INR   ₹ 17.2100
2025-10-23 22:25:00,635 [INFO] 🕯️ I-XRP_INR    ₹225.4100
2025-10-23 22:25:31,918 [INFO] 🕯️ I-TRX_INR    ₹ 29.3600
2025-10-23 22:26:05,390 [INFO] 🕯️ I-TRX_INR    ₹ 29.2500
2025-10-23 22:26:05,601 [INFO] 🕯️ I-ADA_INR    ₹ 60.4280
2025-10-23 22:26:05,821 [INFO] 🕯️ I-ALGO_INR   ₹ 17.2100
2025-10-23 22:26:06,049 [INFO] 🕯️ I-XRP_INR    ₹225.8500
2025-10-23 22:27:09,570 [INFO] 🕯️ I-TRX_INR    ₹ 29.2500
2025-10-23 22:27:09,799 [INFO] 🕯️ I-ADA_INR    ₹ 60.5970
2025-10-23 22:27:10,047 [INFO] 🕯️ I-ALGO_INR   ₹ 17.2100
2025-10-23 22:27:10,292 [INFO] 🕯️ I-XRP_INR    ₹225.4400
2025-10-23 22:28:15,514 [INFO] 🕯️ I-TRX_INR    ₹ 29.2500
2025-10-23 22:28:15,786 [INFO] 🕯️ I-ADA_INR    ₹ 60.5270
2025-10-23 22:28:16,043 [INFO] 🕯️ I-ALGO_INR   ₹ 17.2100
2025-10-23 22:28:16,325 [INFO] 🕯️ I-XRP_INR    ₹225.2300
2025-10-23 22:29:19,728 [INFO] 🕯️ I-TRX_INR    ₹ 29.3700
2025-10-23 22:29:19,945 [INFO] 🕯️ I-ADA_INR    ₹ 59.9950
2025-10-23 22:29:19,946 [INFO] 📉 CLOSED I-ADA_INR | PnL: ₹-6.45 (-0.72%) | Hold: 293s | Reason: sl
2025-10-23 22:29:21,597 [INFO] 🕯️ I-ALGO_INR   ₹ 17.2100
2025-10-23 22:29:21,800 [INFO] 🕯️ I-XRP_INR    ₹225.1800
2025-10-23 22:30:23,098 [INFO] 🕯️ I-TRX_INR    ₹ 29.4100
2025-10-23 22:30:23,331 [INFO] 🕯️ I-ADA_INR    ₹ 59.9950
2025-10-23 22:30:23,577 [INFO] 🕯️ I-ALGO_INR   ₹ 17.2100
2025-10-23 22:30:23,836 [INFO] 🕯️ I-XRP_INR    ₹225.6218
2025-10-23 22:31:25,298 [INFO] 🕯️ I-TRX_INR    ₹ 29.3700
2025-10-23 22:31:25,568 [INFO] 🕯️ I-ADA_INR    ₹ 60.4550
2025-10-23 22:31:25,817 [INFO] 🕯️ I-ALGO_INR   ₹ 17.2100
2025-10-23 22:31:26,066 [INFO] 🕯️ I-XRP_INR    ₹224.9700
2025-10-23 22:32:27,463 [INFO] 🕯️ I-TRX_INR    ₹ 29.4470
2025-10-23 22:32:27,692 [INFO] 🕯️ I-ADA_INR    ₹ 60.3860
2025-10-23 22:32:27,929 [INFO] 🕯️ I-ALGO_INR   ₹ 17.2100
2025-10-23 22:32:28,220 [INFO] 🕯️ I-XRP_INR    ₹224.1000
2025-10-23 22:33:29,653 [INFO] 🕯️ I-TRX_INR    ₹ 29.3500
2025-10-23 22:33:29,860 [INFO] 🕯️ I-ADA_INR    ₹ 60.3860
2025-10-23 22:33:30,088 [INFO] 🕯️ I-ALGO_INR   ₹ 17.2100
2025-10-23 22:33:30,325 [INFO] 🕯️ I-XRP_INR    ₹224.7300
2025-10-23 22:34:00,712 [INFO] 🕯️ I-TRX_INR    ₹ 29.3500
2025-10-23 22:34:00,963 [INFO] 🕯️ I-ADA_INR    ₹ 60.0100
2025-10-23 22:34:01,188 [INFO] 🕯️ I-ALGO_INR   ₹ 17.2100
2025-10-23 22:34:01,417 [INFO] 🕯️ I-XRP_INR    ₹224.4600
2025-10-23 22:35:02,675 [INFO] 🕯️ I-TRX_INR    ₹ 29.3700
2025-10-23 22:35:02,927 [INFO] 🕯️ I-ADA_INR    ₹ 60.3960
2025-10-23 22:35:03,138 [INFO] 🕯️ I-ALGO_INR   ₹ 17.2100
2025-10-23 22:35:03,364 [INFO] 🕯️ I-XRP_INR    ₹223.0441
2025-10-23 22:36:04,632 [INFO] 🕯️ I-TRX_INR    ₹ 29.3800
2025-10-23 22:36:04,856 [INFO] 🕯️ I-ADA_INR    ₹ 60.3290
2025-10-23 22:36:05,075 [INFO] 🕯️ I-ALGO_INR   ₹ 17.2100
2025-10-23 22:36:05,305 [INFO] 🕯️ I-XRP_INR    ₹225.0987
2025-10-23 22:37:06,889 [INFO] 🕯️ I-TRX_INR    ₹ 29.4000
2025-10-23 22:37:07,118 [INFO] 🕯️ I-ADA_INR    ₹ 60.3780
2025-10-23 22:37:07,333 [INFO] 🕯️ I-ALGO_INR   ₹ 17.2100
2025-10-23 22:37:07,560 [INFO] 🕯️ I-XRP_INR    ₹224.8167
2025-10-23 22:38:08,831 [INFO] 🕯️ I-TRX_INR    ₹ 29.4000
2025-10-23 22:38:09,061 [INFO] 🕯️ I-ADA_INR    ₹ 60.3690
2025-10-23 22:38:09,313 [INFO] 🕯️ I-ALGO_INR   ₹ 17.2100
2025-10-23 22:38:09,563 [INFO] 🕯️ I-XRP_INR    ₹224.7990
2025-10-23 22:39:10,896 [INFO] 🕯️ I-TRX_INR    ₹ 29.4250
2025-10-23 22:39:11,143 [INFO] 🕯️ I-ADA_INR    ₹ 60.0100
2025-10-23 22:39:11,433 [INFO] 🕯️ I-ALGO_INR   ₹ 17.2100
2025-10-23 22:39:11,686 [INFO] 🕯️ I-XRP_INR    ₹224.5988
2025-10-23 22:40:12,965 [INFO] 🕯️ I-TRX_INR    ₹ 29.4100
2025-10-23 22:40:13,228 [INFO] 🕯️ I-ADA_INR    ₹ 59.9950
2025-10-23 22:40:13,473 [INFO] 🕯️ I-ALGO_INR   ₹ 17.2100
2025-10-23 22:40:13,703 [INFO] 🕯️ I-XRP_INR    ₹224.6461
2025-10-23 22:41:15,115 [INFO] 🕯️ I-TRX_INR    ₹ 29.4150
2025-10-23 22:41:15,322 [INFO] 🕯️ I-ADA_INR    ₹ 59.9950
2025-10-23 22:41:15,540 [INFO] 🕯️ I-ALGO_INR   ₹ 17.2100
2025-10-23 22:41:15,758 [INFO] 🕯️ I-XRP_INR    ₹223.0655
2025-10-23 22:42:17,052 [INFO] 🕯️ I-TRX_INR    ₹ 29.1580
2025-10-23 22:42:17,272 [INFO] 🕯️ I-ADA_INR    ₹ 59.9950
2025-10-23 22:42:17,514 [INFO] 🕯️ I-ALGO_INR   ₹ 17.2100
2025-10-23 22:42:17,729 [INFO] 🕯️ I-XRP_INR    ₹225.1361
2025-10-23 22:43:19,026 [INFO] 🕯️ I-TRX_INR    ₹ 29.1580
2025-10-23 22:43:19,264 [INFO] 🕯️ I-ADA_INR    ₹ 59.9950
2025-10-23 22:43:19,514 [INFO] 🕯️ I-ALGO_INR   ₹ 17.2100
2025-10-23 22:43:19,722 [INFO] 🕯️ I-XRP_INR    ₹224.7500
2025-10-23 22:44:23,505 [INFO] 🕯️ I-TRX_INR    ₹ 29.4000
2025-10-23 22:44:23,720 [INFO] 🕯️ I-ADA_INR    ₹ 59.9950
2025-10-23 22:44:23,924 [INFO] 🕯️ I-ALGO_INR   ₹ 17.2100
2025-10-23 22:44:24,120 [INFO] 🕯️ I-XRP_INR    ₹223.0175
2025-10-23 22:45:26,332 [INFO] 🕯️ I-TRX_INR    ₹ 29.4100
2025-10-23 22:45:26,532 [INFO] 🕯️ I-ADA_INR    ₹ 60.2550
2025-10-23 22:45:26,718 [INFO] 🕯️ I-ALGO_INR   ₹ 17.2100
2025-10-23 22:45:26,944 [INFO] 🕯️ I-XRP_INR    ₹224.5100
2025-10-23 22:46:28,018 [INFO] 🕯️ I-TRX_INR    ₹ 29.3800
2025-10-23 22:46:28,222 [INFO] 🕯️ I-ADA_INR    ₹ 60.2550
2025-10-23 22:46:28,439 [INFO] 🕯️ I-ALGO_INR   ₹ 17.2100
2025-10-23 22:46:28,713 [INFO] 🕯️ I-XRP_INR    ₹224.2300
2025-10-23 22:47:29,864 [INFO] 🕯️ I-TRX_INR    ₹ 29.3900
2025-10-23 22:47:30,049 [INFO] 🕯️ I-ADA_INR    ₹ 60.3300
2025-10-23 22:47:30,235 [INFO] 🕯️ I-ALGO_INR   ₹ 17.2100
2025-10-23 22:47:30,465 [INFO] 🕯️ I-XRP_INR    ₹224.3000
2025-10-23 22:48:00,668 [INFO] 🕯️ I-TRX_INR    ₹ 29.4000
2025-10-23 22:48:00,845 [INFO] 🕯️ I-ADA_INR    ₹ 60.3150
2025-10-23 22:48:01,042 [INFO] 🕯️ I-ALGO_INR   ₹ 17.2100
2025-10-23 22:48:01,266 [INFO] 🕯️ I-XRP_INR    ₹224.9076
2025-10-23 22:49:03,241 [INFO] 🕯️ I-TRX_INR    ₹ 29.4000
2025-10-23 22:49:03,424 [INFO] 🕯️ I-ADA_INR    ₹ 59.9950
2025-10-23 22:49:03,619 [INFO] 🕯️ I-ALGO_INR   ₹ 17.2100
2025-10-23 22:49:03,828 [INFO] 🕯️ I-XRP_INR    ₹224.3300
2025-10-23 22:50:04,947 [INFO] 🕯️ I-TRX_INR    ₹ 29.4000
2025-10-23 22:50:05,141 [INFO] 🕯️ I-ADA_INR    ₹ 60.3790
2025-10-23 22:50:05,332 [INFO] 🕯️ I-ALGO_INR   ₹ 17.2100
2025-10-23 22:50:05,525 [INFO] 🕯️ I-XRP_INR    ₹224.9076
2025-10-23 22:51:06,553 [INFO] 🕯️ I-TRX_INR    ₹ 29.1510
2025-10-23 22:51:06,556 [INFO] 📈 OPENED SELL I-TRX_INR qty=30.8737 @ ₹29.1510 (Scalp: TP=0.8%, SL=0.4%)
2025-10-23 22:51:07,835 [INFO] 🕯️ I-ADA_INR    ₹ 60.3700
2025-10-23 22:51:08,047 [INFO] 🕯️ I-ALGO_INR   ₹ 17.2100
2025-10-23 22:51:08,298 [INFO] 🕯️ I-XRP_INR    ₹224.7000
2025-10-23 22:52:11,695 [INFO] 🕯️ I-TRX_INR    ₹ 29.4000
2025-10-23 22:52:11,696 [INFO] ⏳ Ignoring early SL on I-TRX_INR (hold: 64s, PnL: -0.85%)
2025-10-23 22:52:11,890 [INFO] 🕯️ I-ADA_INR    ₹ 60.3460
2025-10-23 22:52:12,081 [INFO] 🕯️ I-ALGO_INR   ₹ 17.2100
2025-10-23 22:52:12,283 [INFO] 🕯️ I-XRP_INR    ₹223.0778
2025-10-23 22:53:15,885 [INFO] 🕯️ I-TRX_INR    ₹ 29.4000
2025-10-23 22:53:15,885 [INFO] 📉 CLOSED I-TRX_INR | PnL: ₹-7.69 (-0.85%) | Hold: 129s | Reason: sl
2025-10-23 22:53:17,450 [INFO] 🕯️ I-ADA_INR    ₹ 60.3460
2025-10-23 22:53:17,631 [INFO] 🕯️ I-ALGO_INR   ₹ 17.2100
2025-10-23 22:53:17,826 [INFO] 🕯️ I-XRP_INR    ₹223.0778
2025-10-23 23:30:39,811 [INFO] ======================================================================
2025-10-23 23:30:39,813 [INFO] 🚀 CoinDCX Scalping Bot
2025-10-23 23:30:39,813 [INFO] Capital: ₹350.0 | Margin: ₹300.0 | Leverage: 3x
2025-10-23 23:30:39,813 [INFO] Strategy: TP=0.8% | SL=0.4% | R:R = 1:2.0
2025-10-23 23:30:39,813 [INFO] Protection: 120s minimum hold | Emergency SL: 2.0%
2025-10-23 23:30:39,813 [INFO] Telegram: ✅ Enabled
2025-10-23 23:30:39,814 [INFO] ======================================================================
2025-10-23 23:30:41,652 [INFO] ✓ Retrieved 1073 markets
2025-10-23 23:30:41,655 [INFO] ✅ Selected: I-TRX_INR, I-ADA_INR, I-ALGO_INR, I-XRP_INR
2025-10-23 23:30:41,657 [INFO] 
📊 Initializing...
2025-10-23 23:30:41,854 [INFO] ✓ I-TRX_INR    @ ₹ 29.5400 | Qty:    30.4672
2025-10-23 23:30:42,019 [INFO] ✓ I-ADA_INR    @ ₹ 60.9840 | Qty:    14.7580
2025-10-23 23:30:42,220 [INFO] ✓ I-ALGO_INR   @ ₹ 17.1600 | Qty:    52.4476
2025-10-23 23:30:42,385 [INFO] ✓ I-XRP_INR    @ ₹225.9800 | Qty:     3.9827
2025-10-23 23:30:42,387 [INFO] 
✓ Scalping bot running | Press Ctrl+C to stop

2025-10-23 23:30:42,388 [INFO] ✓ Health server starting on port 8080
2025-10-23 23:31:12,654 [INFO] 🕯️ I-TRX_INR    ₹ 29.5300
2025-10-23 23:31:12,857 [INFO] 🕯️ I-ADA_INR    ₹ 60.9840
2025-10-23 23:31:13,046 [INFO] 🕯️ I-ALGO_INR   ₹ 17.1600
2025-10-23 23:31:13,220 [INFO] 🕯️ I-XRP_INR    ₹226.6199
2025-10-23 23:32:14,267 [INFO] 🕯️ I-TRX_INR    ₹ 29.5300
2025-10-23 23:32:14,463 [INFO] 🕯️ I-ADA_INR    ₹ 60.9840
2025-10-23 23:32:14,645 [INFO] 🕯️ I-ALGO_INR   ₹ 17.1600
2025-10-23 23:32:14,825 [INFO] 🕯️ I-XRP_INR    ₹226.6200
2025-10-23 23:33:15,905 [INFO] 🕯️ I-TRX_INR    ₹ 29.5300
2025-10-23 23:33:16,100 [INFO] 🕯️ I-ADA_INR    ₹ 60.9840
2025-10-23 23:33:16,303 [INFO] 🕯️ I-ALGO_INR   ₹ 17.1600
2025-10-23 23:33:16,494 [INFO] 🕯️ I-XRP_INR    ₹226.5899
2025-10-24 13:11:42,945 [INFO] ======================================================================
2025-10-24 13:11:42,945 [INFO] 🚀 Perfect Trading Bot v3 (10/10)
2025-10-24 13:11:42,945 [INFO] Capital: ₹350.0
2025-10-24 13:11:42,945 [INFO] ======================================================================
2025-10-24 13:11:44,146 [INFO] ✓ Retrieved 1073 markets
2025-10-24 13:11:44,330 [INFO] ✅ Selected 5 quality markets
2025-10-24 13:11:44,335 [INFO] 
📊 Initializing...
2025-10-24 13:11:44,525 [INFO] ✓ I-XRP_INR    @ ₹227.2700 | Qty:     1.3200
2025-10-24 13:11:44,674 [INFO] ✓ I-LINK_INR   @ ₹1646.4990 | Qty:     0.1822
2025-10-24 13:11:44,795 [INFO] ✓ I-DOT_INR    @ ₹283.5600 | Qty:     1.0580
2025-10-24 13:11:44,900 [INFO] ✓ I-ADA_INR    @ ₹ 60.6640 | Qty:     4.9453
2025-10-24 13:11:45,016 [INFO] ✓ I-DOGE_INR   @ ₹ 18.3279 | Qty:    16.3685
2025-10-24 13:11:45,016 [INFO] 
✓ Bot running | Press Ctrl+C to stop

2025-10-24 13:11:45,017 [INFO] ✓ Health server starting on port 8080
2025-10-24 21:14:18,851 [INFO] ======================================================================
2025-10-24 21:14:18,853 [INFO] 🚀 Mean Reversion Bot
2025-10-24 21:14:18,853 [INFO] Capital: ₹350.0
2025-10-24 21:14:18,853 [INFO] Strategy: Bollinger Bands Mean Reversion
2025-10-24 21:14:18,854 [INFO] Margin: ₹800.0-1200.0 | SL: 0.8% | TP: 1.2%
2025-10-24 21:14:18,854 [INFO] SKIPS: High volatility periods
2025-10-24 21:14:18,854 [INFO] ======================================================================
2025-10-24 21:14:19,654 [ERROR] Telegram error: {"ok":false,"error_code":400,"description":"Bad Request: can't parse entities: Unsupported start tag \"\" at byte offset 146"}
2025-10-24 21:14:20,020 [INFO] ✓ Retrieved 1073 markets
2025-10-24 21:14:20,235 [INFO] ✅ Selected 3 markets
2025-10-24 21:14:20,238 [INFO] 
📊 Initializing mean reversion bot...
2025-10-24 21:14:20,440 [INFO] ✓ I-BTC_INR    @ ₹10264339.0000
2025-10-24 21:14:20,651 [INFO] ✓ I-ETH_INR    @ ₹363227.5000
2025-10-24 21:14:20,859 [INFO] ✓ I-LINK_INR   @ ₹1645.4500
2025-10-24 21:14:20,861 [INFO] 
✓ Mean reversion bot running | Press Ctrl+C to stop

2025-10-24 21:14:20,864 [INFO] ✓ Health server on port 8080
2025-10-24 21:18:54,732 [INFO] ======================================================================
2025-10-24 21:18:54,732 [INFO] 🚀 Mean Reversion Bot
2025-10-24 21:18:54,732 [INFO] Capital: ₹1000.0
2025-10-24 21:18:54,732 [INFO] Strategy: Bollinger Bands Mean Reversion
2025-10-24 21:18:54,733 [INFO] Margin: ₹800.0-1200.0 | SL: 0.8% | TP: 1.2%
2025-10-24 21:18:54,733 [INFO] SKIPS: High volatility periods
2025-10-24 21:18:54,733 [INFO] ======================================================================
2025-10-24 21:18:56,209 [INFO] ✓ Retrieved 1073 markets
2025-10-24 21:18:56,426 [INFO] ✅ Selected 3 markets
2025-10-24 21:18:56,429 [INFO] 
📊 Initializing mean reversion bot...
2025-10-24 21:18:56,655 [INFO] ✓ I-BTC_INR    @ ₹10266234.0000
2025-10-24 21:18:56,860 [INFO] ✓ I-ETH_INR    @ ₹362685.8000
2025-10-24 21:18:57,065 [INFO] ✓ I-LINK_INR   @ ₹1633.0080
2025-10-24 21:18:57,067 [INFO] 
✓ Mean reversion bot running | Press Ctrl+C to stop

2025-10-24 21:18:57,068 [INFO] ✓ Health server on port 8080
